Camera folder not found: /Users/spooky/Downloads/LA-data-frames/Model2/camera_01
WARNING:__main__:Camera folder not found: /Users/spooky/Downloads/LA-data-frames/Model2/camera_01
Camera folder not found: /Users/spooky/Downloads/LA-data-frames/Model2/camera2
WARNING:__main__:Camera folder not found: /Users/spooky/Downloads/LA-data-frames/Model2/camera2
Camera folder not found: /Users/spooky/Downloads/LA-data-frames/Model2/camera3
WARNING:__main__:Camera folder not found: /Users/spooky/Downloads/LA-data-frames/Model2/camera3
Camera folder not found: /Users/spooky/Downloads/LA-data-frames/Model2/camera4
WARNING:__main__:Camera folder not found: /Users/spooky/Downloads/LA-data-frames/Model2/camera4
Camera folder not found: /Users/spooky/Downloads/LA-data-frames/Model2/camera5
WARNING:__main__:Camera folder not found: /Users/spooky/Downloads/LA-data-frames/Model2/camera5
Camera folder not found: /Users/spooky/Downloads/LA-data-frames/Model2/camera6
WARNING:__main__:Camera folder not found: /Users/spooky/Downloads/LA-data-frames/Model2/camera6
Camera folder not found: /Users/spooky/Downloads/LA-data-frames/Model2/camera7
WARNING:__main__:Camera folder not found: /Users/spooky/Downloads/LA-data-frames/Model2/camera7
Camera folder not found: /Users/spooky/Downloads/LA-data-frames/Model2/camera8
WARNING:__main__:Camera folder not found: /Users/spooky/Downloads/LA-data-frames/Model2/camera8
Camera folder not found: /Users/spooky/Downloads/LA-data-frames/Model2/camera4
WARNING:__main__:Camera folder not found: /Users/spooky/Downloads/LA-data-frames/Model2/camera4
Camera folder not found: /Users/spooky/Downloads/LA-data-frames/Model2/camera5
WARNING:__main__:Camera folder not found: /Users/spooky/Downloads/LA-data-frames/Model2/camera5
Camera folder not found: /Users/spooky/Downloads/LA-data-frames/Model2/camera1
WARNING:__main__:Camera folder not found: /Users/spooky/Downloads/LA-data-frames/Model2/camera1
Camera folder not found: /Users/spooky/Downloads/LA-data-frames/Model2/camera2
WARNING:__main__:Camera folder not found: /Users/spooky/Downloads/LA-data-frames/Model2/camera2
Camera folder not found: /Users/spooky/Downloads/LA-data-frames/Model2/camera3
WARNING:__main__:Camera folder not found: /Users/spooky/Downloads/LA-data-frames/Model2/camera3
Camera folder not found: /Users/spooky/Downloads/LA-data-frames/Model2/camera4
WARNING:__main__:Camera folder not found: /Users/spooky/Downloads/LA-data-frames/Model2/camera4
Camera folder not found: /Users/spooky/Downloads/LA-data-frames/Model2/camera5
WARNING:__main__:Camera folder not found: /Users/spooky/Downloads/LA-data-frames/Model2/camera5
Camera folder not found: /Users/spooky/Downloads/LA-data-frames/Model2/camera1
WARNING:__main__:Camera folder not found: /Users/spooky/Downloads/LA-data-frames/Model2/camera1
Camera folder not found: /Users/spooky/Downloads/LA-data-frames/Model2/camera2
WARNING:__main__:Camera folder not found: /Users/spooky/Downloads/LA-data-frames/Model2/camera2
Camera folder not found: /Users/spooky/Downloads/LA-data-frames/Model2/camera3
WARNING:__main__:Camera folder not found: /Users/spooky/Downloads/LA-data-frames/Model2/camera3
Camera folder not found: /Users/spooky/Downloads/LA-data-frames/Model2/camera4
WARNING:__main__:Camera folder not found: /Users/spooky/Downloads/LA-data-frames/Model2/camera4
Camera folder not found: /Users/spooky/Downloads/LA-data-frames/Model2/camera5
WARNING:__main__:Camera folder not found: /Users/spooky/Downloads/LA-data-frames/Model2/camera5
Camera folder not found: /Users/spooky/Downloads/LA-data-frames/Model2/camera1
WARNING:__main__:Camera folder not found: /Users/spooky/Downloads/LA-data-frames/Model2/camera1
Camera folder not found: /Users/spooky/Downloads/LA-data-frames/Model2/camera2
WARNING:__main__:Camera folder not found: /Users/spooky/Downloads/LA-data-frames/Model2/camera2
Camera folder not found: /Users/spooky/Downloads/LA-data-frames/Model2/camera3
WARNING:__main__:Camera folder not found: /Users/spooky/Downloads/LA-data-frames/Model2/camera3
Camera folder not found: /Users/spooky/Downloads/LA-data-frames/Model2/camera4
WARNING:__main__:Camera folder not found: /Users/spooky/Downloads/LA-data-frames/Model2/camera4
Camera folder not found: /Users/spooky/Downloads/LA-data-frames/Model2/camera5
WARNING:__main__:Camera folder not found: /Users/spooky/Downloads/LA-data-frames/Model2/camera5
Frame processing completed.
INFO:__main__:Frame processing completed.
Processed frame: /Users/spooky/Downloads/LA-data-frames/Model2/EXP_eye_neutral/camera_01/camera_01_EXP_eye_neutral-00010.png
INFO:__main__:Processed frame: /Users/spooky/Downloads/LA-data-frames/Model2/EXP_eye_neutral/camera_01/camera_01_EXP_eye_neutral-00010.png
Processed frame: /Users/spooky/Downloads/LA-data-frames/Model2/EXP_eye_neutral/camera_02/camera_02_EXP_eye_neutral-00010.png
INFO:__main__:Processed frame: /Users/spooky/Downloads/LA-data-frames/Model2/EXP_eye_neutral/camera_02/camera_02_EXP_eye_neutral-00010.png
Processed frame: /Users/spooky/Downloads/LA-data-frames/Model2/EXP_eye_neutral/camera_03/camera_03_EXP_eye_neutral-00010.png
INFO:__main__:Processed frame: /Users/spooky/Downloads/LA-data-frames/Model2/EXP_eye_neutral/camera_03/camera_03_EXP_eye_neutral-00010.png
Processed frame: /Users/spooky/Downloads/LA-data-frames/Model2/EXP_eye_neutral/camera_04/camera_04_EXP_eye_neutral-00010.png
INFO:__main__:Processed frame: /Users/spooky/Downloads/LA-data-frames/Model2/EXP_eye_neutral/camera_04/camera_04_EXP_eye_neutral-00010.png
Processed frame: /Users/spooky/Downloads/LA-data-frames/Model2/EXP_eye_neutral/camera_05/camera_05_EXP_eye_neutral-00010.png
INFO:__main__:Processed frame: /Users/spooky/Downloads/LA-data-frames/Model2/EXP_eye_neutral/camera_05/camera_05_EXP_eye_neutral-00010.png
Frame processing completed.
INFO:__main__:Frame processing completed.
Processed frame: /Users/spooky/Downloads/LA-data-frames/Model2/EXP_eye_neutral/camera_01/camera_01_EXP_eye_neutral-00099.png
INFO:__main__:Processed frame: /Users/spooky/Downloads/LA-data-frames/Model2/EXP_eye_neutral/camera_01/camera_01_EXP_eye_neutral-00099.png
Processed frame: /Users/spooky/Downloads/LA-data-frames/Model2/EXP_eye_neutral/camera_02/camera_02_EXP_eye_neutral-00099.png
INFO:__main__:Processed frame: /Users/spooky/Downloads/LA-data-frames/Model2/EXP_eye_neutral/camera_02/camera_02_EXP_eye_neutral-00099.png
Processed frame: /Users/spooky/Downloads/LA-data-frames/Model2/EXP_eye_neutral/camera_03/camera_03_EXP_eye_neutral-00099.png
INFO:__main__:Processed frame: /Users/spooky/Downloads/LA-data-frames/Model2/EXP_eye_neutral/camera_03/camera_03_EXP_eye_neutral-00099.png
Processed frame: /Users/spooky/Downloads/LA-data-frames/Model2/EXP_eye_neutral/camera_04/camera_04_EXP_eye_neutral-00099.png
INFO:__main__:Processed frame: /Users/spooky/Downloads/LA-data-frames/Model2/EXP_eye_neutral/camera_04/camera_04_EXP_eye_neutral-00099.png
Processed frame: /Users/spooky/Downloads/LA-data-frames/Model2/EXP_eye_neutral/camera_08/camera_08_EXP_eye_neutral-00099.png
INFO:__main__:Processed frame: /Users/spooky/Downloads/LA-data-frames/Model2/EXP_eye_neutral/camera_08/camera_08_EXP_eye_neutral-00099.png
Processed frame: /Users/spooky/Downloads/LA-data-frames/Model2/EXP_eye_neutral/camera_09/camera_09_EXP_eye_neutral-00099.png
INFO:__main__:Processed frame: /Users/spooky/Downloads/LA-data-frames/Model2/EXP_eye_neutral/camera_09/camera_09_EXP_eye_neutral-00099.png
Processed frame: /Users/spooky/Downloads/LA-data-frames/Model2/EXP_eye_neutral/camera_10/camera_10_EXP_eye_neutral-00099.png
INFO:__main__:Processed frame: /Users/spooky/Downloads/LA-data-frames/Model2/EXP_eye_neutral/camera_10/camera_10_EXP_eye_neutral-00099.png
Processed frame: /Users/spooky/Downloads/LA-data-frames/Model2/EXP_eye_neutral/camera_11/camera_11_EXP_eye_neutral-00099.png
INFO:__main__:Processed frame: /Users/spooky/Downloads/LA-data-frames/Model2/EXP_eye_neutral/camera_11/camera_11_EXP_eye_neutral-00099.png
Processed frame: /Users/spooky/Downloads/LA-data-frames/Model2/EXP_eye_neutral/camera_12/camera_12_EXP_eye_neutral-00099.png
INFO:__main__:Processed frame: /Users/spooky/Downloads/LA-data-frames/Model2/EXP_eye_neutral/camera_12/camera_12_EXP_eye_neutral-00099.png
Processed frame: /Users/spooky/Downloads/LA-data-frames/Model2/EXP_eye_neutral/camera_13/camera_13_EXP_eye_neutral-00099.png
INFO:__main__:Processed frame: /Users/spooky/Downloads/LA-data-frames/Model2/EXP_eye_neutral/camera_13/camera_13_EXP_eye_neutral-00099.png
Processed frame: /Users/spooky/Downloads/LA-data-frames/Model2/EXP_eye_neutral/camera_14/camera_14_EXP_eye_neutral-00099.png
INFO:__main__:Processed frame: /Users/spooky/Downloads/LA-data-frames/Model2/EXP_eye_neutral/camera_14/camera_14_EXP_eye_neutral-00099.png
Processed frame: /Users/spooky/Downloads/LA-data-frames/Model2/EXP_eye_neutral/camera_15/camera_15_EXP_eye_neutral-00099.png
INFO:__main__:Processed frame: /Users/spooky/Downloads/LA-data-frames/Model2/EXP_eye_neutral/camera_15/camera_15_EXP_eye_neutral-00099.png
Processed frame: /Users/spooky/Downloads/LA-data-frames/Model2/EXP_eye_neutral/camera_16/camera_16_EXP_eye_neutral-00099.png
INFO:__main__:Processed frame: /Users/spooky/Downloads/LA-data-frames/Model2/EXP_eye_neutral/camera_16/camera_16_EXP_eye_neutral-00099.png
Processed frame: /Users/spooky/Downloads/LA-data-frames/Model2/EXP_eye_neutral/camera_17/camera_17_EXP_eye_neutral-00099.png
INFO:__main__:Processed frame: /Users/spooky/Downloads/LA-data-frames/Model2/EXP_eye_neutral/camera_17/camera_17_EXP_eye_neutral-00099.png
Processed frame: /Users/spooky/Downloads/LA-data-frames/Model2/EXP_eye_neutral/camera_24/camera_24_EXP_eye_neutral-00099.png
INFO:__main__:Processed frame: /Users/spooky/Downloads/LA-data-frames/Model2/EXP_eye_neutral/camera_24/camera_24_EXP_eye_neutral-00099.png
Processed frame: /Users/spooky/Downloads/LA-data-frames/Model2/EXP_eye_neutral/camera_25/camera_25_EXP_eye_neutral-00099.png
INFO:__main__:Processed frame: /Users/spooky/Downloads/LA-data-frames/Model2/EXP_eye_neutral/camera_25/camera_25_EXP_eye_neutral-00099.png
Processed frame: /Users/spooky/Downloads/LA-data-frames/Model2/EXP_eye_neutral/camera_26/camera_26_EXP_eye_neutral-00099.png
INFO:__main__:Processed frame: /Users/spooky/Downloads/LA-data-frames/Model2/EXP_eye_neutral/camera_26/camera_26_EXP_eye_neutral-00099.png
Processed frame: /Users/spooky/Downloads/LA-data-frames/Model2/EXP_eye_neutral/camera_27/camera_27_EXP_eye_neutral-00099.png
INFO:__main__:Processed frame: /Users/spooky/Downloads/LA-data-frames/Model2/EXP_eye_neutral/camera_27/camera_27_EXP_eye_neutral-00099.png
Processed frame: /Users/spooky/Downloads/LA-data-frames/Model2/EXP_eye_neutral/camera_29/camera_29_EXP_eye_neutral-00099.png
INFO:__main__:Processed frame: /Users/spooky/Downloads/LA-data-frames/Model2/EXP_eye_neutral/camera_29/camera_29_EXP_eye_neutral-00099.png
Processed frame: /Users/spooky/Downloads/LA-data-frames/Model2/EXP_eye_neutral/camera_30/camera_30_EXP_eye_neutral-00099.png
INFO:__main__:Processed frame: /Users/spooky/Downloads/LA-data-frames/Model2/EXP_eye_neutral/camera_30/camera_30_EXP_eye_neutral-00099.png
Processed frame: /Users/spooky/Downloads/LA-data-frames/Model2/EXP_eye_neutral/camera_35/camera_35_EXP_eye_neutral-00099.png
INFO:__main__:Processed frame: /Users/spooky/Downloads/LA-data-frames/Model2/EXP_eye_neutral/camera_35/camera_35_EXP_eye_neutral-00099.png
Processed frame: /Users/spooky/Downloads/LA-data-frames/Model2/EXP_eye_neutral/camera_36/camera_36_EXP_eye_neutral-00099.png
INFO:__main__:Processed frame: /Users/spooky/Downloads/LA-data-frames/Model2/EXP_eye_neutral/camera_36/camera_36_EXP_eye_neutral-00099.png
Processed frame: /Users/spooky/Downloads/LA-data-frames/Model2/EXP_eye_neutral/camera_37/camera_37_EXP_eye_neutral-00099.png
INFO:__main__:Processed frame: /Users/spooky/Downloads/LA-data-frames/Model2/EXP_eye_neutral/camera_37/camera_37_EXP_eye_neutral-00099.png
Processed frame: /Users/spooky/Downloads/LA-data-frames/Model2/EXP_eye_neutral/camera_38/camera_38_EXP_eye_neutral-00099.png
INFO:__main__:Processed frame: /Users/spooky/Downloads/LA-data-frames/Model2/EXP_eye_neutral/camera_38/camera_38_EXP_eye_neutral-00099.png
Processed frame: /Users/spooky/Downloads/LA-data-frames/Model2/EXP_eye_neutral/camera_39/camera_39_EXP_eye_neutral-00099.png
INFO:__main__:Processed frame: /Users/spooky/Downloads/LA-data-frames/Model2/EXP_eye_neutral/camera_39/camera_39_EXP_eye_neutral-00099.png
Processed frame: /Users/spooky/Downloads/LA-data-frames/Model2/EXP_eye_neutral/camera_40/camera_40_EXP_eye_neutral-00099.png
INFO:__main__:Processed frame: /Users/spooky/Downloads/LA-data-frames/Model2/EXP_eye_neutral/camera_40/camera_40_EXP_eye_neutral-00099.png
Processed frame: /Users/spooky/Downloads/LA-data-frames/Model2/EXP_eye_neutral/camera_49/camera_49_EXP_eye_neutral-00099.png
INFO:__main__:Processed frame: /Users/spooky/Downloads/LA-data-frames/Model2/EXP_eye_neutral/camera_49/camera_49_EXP_eye_neutral-00099.png
Processed frame: /Users/spooky/Downloads/LA-data-frames/Model2/EXP_eye_neutral/camera_50/camera_50_EXP_eye_neutral-00099.png
INFO:__main__:Processed frame: /Users/spooky/Downloads/LA-data-frames/Model2/EXP_eye_neutral/camera_50/camera_50_EXP_eye_neutral-00099.png
Processed frame: /Users/spooky/Downloads/LA-data-frames/Model2/EXP_eye_neutral/camera_51/camera_51_EXP_eye_neutral-00099.png
INFO:__main__:Processed frame: /Users/spooky/Downloads/LA-data-frames/Model2/EXP_eye_neutral/camera_51/camera_51_EXP_eye_neutral-00099.png
Processed frame: /Users/spooky/Downloads/LA-data-frames/Model2/EXP_eye_neutral/camera_52/camera_52_EXP_eye_neutral-00099.png
INFO:__main__:Processed frame: /Users/spooky/Downloads/LA-data-frames/Model2/EXP_eye_neutral/camera_52/camera_52_EXP_eye_neutral-00099.png
Processed frame: /Users/spooky/Downloads/LA-data-frames/Model2/EXP_eye_neutral/camera_53/camera_53_EXP_eye_neutral-00099.png
INFO:__main__:Processed frame: /Users/spooky/Downloads/LA-data-frames/Model2/EXP_eye_neutral/camera_53/camera_53_EXP_eye_neutral-00099.png
Processed frame: /Users/spooky/Downloads/LA-data-frames/Model2/EXP_eye_neutral/camera_54/camera_54_EXP_eye_neutral-00099.png
INFO:__main__:Processed frame: /Users/spooky/Downloads/LA-data-frames/Model2/EXP_eye_neutral/camera_54/camera_54_EXP_eye_neutral-00099.png
Processed frame: /Users/spooky/Downloads/LA-data-frames/Model2/EXP_eye_neutral/camera_60/camera_60_EXP_eye_neutral-00099.png
INFO:__main__:Processed frame: /Users/spooky/Downloads/LA-data-frames/Model2/EXP_eye_neutral/camera_60/camera_60_EXP_eye_neutral-00099.png
Processed frame: /Users/spooky/Downloads/LA-data-frames/Model2/EXP_eye_neutral/camera_61/camera_61_EXP_eye_neutral-00099.png
INFO:__main__:Processed frame: /Users/spooky/Downloads/LA-data-frames/Model2/EXP_eye_neutral/camera_61/camera_61_EXP_eye_neutral-00099.png
Processed frame: /Users/spooky/Downloads/LA-data-frames/Model2/EXP_eye_neutral/camera_62/camera_62_EXP_eye_neutral-00099.png
INFO:__main__:Processed frame: /Users/spooky/Downloads/LA-data-frames/Model2/EXP_eye_neutral/camera_62/camera_62_EXP_eye_neutral-00099.png
Processed frame: /Users/spooky/Downloads/LA-data-frames/Model2/EXP_eye_neutral/camera_63/camera_63_EXP_eye_neutral-00099.png
INFO:__main__:Processed frame: /Users/spooky/Downloads/LA-data-frames/Model2/EXP_eye_neutral/camera_63/camera_63_EXP_eye_neutral-00099.png
Processed frame: /Users/spooky/Downloads/LA-data-frames/Model2/EXP_eye_neutral/camera_68/camera_68_EXP_eye_neutral-00099.png
INFO:__main__:Processed frame: /Users/spooky/Downloads/LA-data-frames/Model2/EXP_eye_neutral/camera_68/camera_68_EXP_eye_neutral-00099.png
Processed frame: /Users/spooky/Downloads/LA-data-frames/Model2/EXP_eye_neutral/camera_87/camera_87_EXP_eye_neutral-00099.png
INFO:__main__:Processed frame: /Users/spooky/Downloads/LA-data-frames/Model2/EXP_eye_neutral/camera_87/camera_87_EXP_eye_neutral-00099.png
Frame processing completed.
INFO:__main__:Frame processing completed.
